<?xml version="1.0" encoding="UTF-8"?>
<!-- Generated by org.testng.reporters.JUnitXMLReporter -->
<testsuite hostname="SVBAWin" ignored="0" name="Application Test" tests="3" failures="1" timestamp="2019-12-09T11:10:39 ART" time="0.064" errors="0">
  <testcase name="testMethod2" time="0.002" classname="ReportersAndLogs.TestNGReportersAndLogs">
    <failure type="java.lang.AssertionError" message="did not expect to find [true] but found [false]">
      <![CDATA[java.lang.AssertionError: did not expect to find [true] but found [false]
at ReportersAndLogs.TestNGReportersAndLogs.testMethod2(TestNGReportersAndLogs.java:42)
at java.util.ArrayList.forEach(ArrayList.java:1257)
... Removed 30 stack frames]]>
    </failure>
  </testcase> <!-- testMethod2 -->
  <testcase name="testMethod1" time="0.001" classname="ReportersAndLogs.TestNGReportersAndLogs"/>
  <testcase name="testMethod3" time="0.0" classname="ReportersAndLogs.TestNGReportersAndLogs">
    <skipped/>
  </testcase> <!-- testMethod3 -->
</testsuite> <!-- Application Test -->
